0 info it worked if it ends with ok
1 verbose cli [ 'C:\\Program Files\\nodejs\\\\node.exe',
1 verbose cli   'C:\\Program Files\\nodejs\\node_modules\\npm\\bin\\npm-cli.js',
1 verbose cli   'install',
1 verbose cli   'path',
1 verbose cli   '-S' ]
2 info using npm@1.4.28
3 info using node@v0.10.35
4 verbose node symlink C:\Program Files\nodejs\\node.exe
5 verbose readDependencies using package.json deps
6 verbose cache add [ 'path', null ]
7 verbose cache add name=undefined spec="path" args=["path",null]
8 verbose parsed url { protocol: null,
8 verbose parsed url   slashes: null,
8 verbose parsed url   auth: null,
8 verbose parsed url   host: null,
8 verbose parsed url   port: null,
8 verbose parsed url   hostname: null,
8 verbose parsed url   hash: null,
8 verbose parsed url   search: null,
8 verbose parsed url   query: null,
8 verbose parsed url   pathname: 'path',
8 verbose parsed url   path: 'path',
8 verbose parsed url   href: 'path' }
9 silly lockFile 3150ecd5-path path
10 verbose lock path C:\Users\扈亚楠\AppData\Roaming\npm-cache\3150ecd5-path.lock
11 silly lockFile 3150ecd5-path path
12 silly lockFile 3150ecd5-path path
13 verbose addNamed [ 'path', '' ]
14 verbose addNamed [ null, '*' ]
15 silly lockFile 9741fa74-path path@
16 verbose lock path@ C:\Users\扈亚楠\AppData\Roaming\npm-cache\9741fa74-path.lock
17 silly addNameRange { name: 'path', range: '*', hasData: false }
18 verbose request where is /path
19 verbose request registry https://registry.npmjs.org/
20 verbose request id eaaee80042a7cb64
21 verbose url raw /path
22 verbose url resolving [ 'https://registry.npmjs.org/', './path' ]
23 verbose url resolved https://registry.npmjs.org/path
24 verbose request where is https://registry.npmjs.org/path
25 info trying registry request attempt 1 at 02:22:18
26 http GET https://registry.npmjs.org/path
27 info retry will retry, error on last attempt: Error: tunneling socket could not be established, cause=getaddrinfo ENOTFOUND
28 info trying registry request attempt 2 at 02:22:29
29 http GET https://registry.npmjs.org/path
30 info retry will retry, error on last attempt: Error: tunneling socket could not be established, cause=getaddrinfo ENOTFOUND
31 info trying registry request attempt 3 at 02:23:29
32 http GET https://registry.npmjs.org/path
33 silly lockFile 9741fa74-path path@
34 silly lockFile 9741fa74-path path@
35 error network tunneling socket could not be established, cause=getaddrinfo ENOTFOUND
35 error network This is most likely not a problem with npm itself
35 error network and is related to network connectivity.
35 error network In most cases you are behind a proxy or have bad network settings.
35 error network
35 error network If you are behind a proxy, please make sure that the
35 error network 'proxy' config is set properly.  See: 'npm help config'
36 error System Windows_NT 6.2.9200
37 error command "C:\\Program Files\\nodejs\\\\node.exe" "C:\\Program Files\\nodejs\\node_modules\\npm\\bin\\npm-cli.js" "install" "path" "-S"
38 error cwd C:\xampp\htdocs\creeper
39 error node -v v0.10.35
40 error npm -v 1.4.28
41 error code ECONNRESET
42 verbose exit [ 1, true ]
